<?xml version="1.0" encoding="UTF-8"?>
<!-- Generated by org.testng.reporters.JUnitReportReporter -->
<testsuite hostname="DESKTOP-3L2FMR8" failures="0" tests="1" name="Com_framework.Testng_webdriver_test" time="0.042" errors="0" timestamp="23 Nov 2023 08:05:01 GMT">
  <testcase classname="Com_framework.Testng_webdriver_test" name="man2" time="0.042"/>
</testsuite> <!-- Com_framework.Testng_webdriver_test -->
