<?xml version="1.0" encoding="UTF-8"?>
<!-- Generated by org.testng.reporters.JUnitReportReporter -->
<testsuite hostname="DESKTOP-3L2FMR8" failures="0" tests="1" name="Com_framework.Date_Test" time="0.099" errors="0" timestamp="7 Mar 2023 09:24:56 GMT">
  <testcase classname="Com_framework.Date_Test" name="date_test" time="0.099"/>
</testsuite> <!-- Com_framework.Date_Test -->
