<?xml version="1.0" encoding="UTF-8"?>
<!-- Generated by org.testng.reporters.JUnitReportReporter -->
<testsuite hostname="DESKTOP-3L2FMR8" failures="0" tests="1" name="Com_framework.regularexp" time="0.010" errors="0" timestamp="21 Jun 2023 11:25:42 GMT">
  <testcase classname="Com_framework.regularexp" name="main1" time="0.010"/>
</testsuite> <!-- Com_framework.regularexp -->
