<?xml version="1.0" encoding="UTF-8"?>
<!-- Generated by org.testng.reporters.JUnitReportReporter -->
<testsuite hostname="DESKTOP-3L2FMR8" failures="0" tests="3" name="Com_framework.Parallel1" time="52.031" errors="0" timestamp="23 Feb 2023 12:41:18 GMT">
  <testcase classname="Com_framework.Parallel1" name="parallel1_2" time="18.195"/>
  <testcase classname="Com_framework.Parallel1" name="parallel1_1" time="18.179"/>
  <testcase classname="Com_framework.Parallel1" name="parallel1_3" time="15.657"/>
</testsuite> <!-- Com_framework.Parallel1 -->
