<?xml version="1.0" encoding="UTF-8"?>
<!-- Generated by org.testng.reporters.JUnitReportReporter -->
<testsuite hostname="DESKTOP-3L2FMR8" failures="0" tests="1" name="Com_framework.Groups_Test3" time="0.017" errors="0" timestamp="19 May 2023 08:06:25 GMT">
  <testcase classname="Com_framework.Groups_Test3" name="b1" time="0.017"/>
</testsuite> <!-- Com_framework.Groups_Test3 -->
