<?xml version="1.0" encoding="UTF-8"?>
<!-- Generated by org.testng.reporters.JUnitReportReporter -->
<testsuite hostname="DESKTOP-3L2FMR8" failures="0" tests="3" name="Com_framework.Parallel2" time="53.233" errors="0" timestamp="23 Feb 2023 12:41:18 GMT">
  <testcase classname="Com_framework.Parallel2" name="parallel2_3" time="7.096"/>
  <testcase classname="Com_framework.Parallel2" name="parallel2_2" time="27.777"/>
  <testcase classname="Com_framework.Parallel2" name="parallel2_1" time="18.360"/>
</testsuite> <!-- Com_framework.Parallel2 -->
