<?xml version="1.0" encoding="UTF-8"?>
<!-- Generated by org.testng.reporters.JUnitReportReporter -->
<testsuite hostname="DESKTOP-3L2FMR8" failures="0" tests="2" name="Com_framework.WebDriver_session_transfer" time="5.032" errors="0" timestamp="28 Mar 2024 12:45:49 GMT">
  <testcase classname="Com_framework.WebDriver_session_transfer" name="start" time="3.978"/>
  <testcase classname="Com_framework.WebDriver_session_transfer" name="enter_searchvalue" time="1.054"/>
</testsuite> <!-- Com_framework.WebDriver_session_transfer -->
