<?xml version="1.0" encoding="UTF-8"?>
<!-- Generated by org.testng.reporters.JUnitReportReporter -->
<testsuite hostname="DESKTOP-3L2FMR8" failures="0" tests="1" name="Com_framework.propfileusage" time="53.870" errors="0" timestamp="21 Jun 2023 05:46:58 GMT">
  <testcase classname="Com_framework.propfileusage" name="prop" time="53.870"/>
</testsuite> <!-- Com_framework.propfileusage -->
