<?xml version="1.0" encoding="UTF-8"?>
<!-- Generated by org.testng.reporters.JUnitReportReporter -->
<testsuite hostname="DESKTOP-3L2FMR8" failures="0" tests="1" name="Com_framework.Selenium_Waits" time="16.491" errors="0" timestamp="19 Aug 2023 11:19:01 GMT">
  <testcase classname="Com_framework.Selenium_Waits" name="waits" time="16.491"/>
</testsuite> <!-- Com_framework.Selenium_Waits -->
