<?xml version="1.0" encoding="UTF-8"?>
<!-- Generated by org.testng.reporters.JUnitReportReporter -->
<testsuite hostname="DESKTOP-3L2FMR8" failures="0" tests="1" name="prep.java_dia_c" time="0.010" errors="0" timestamp="10 Aug 2024 11:40:15 GMT">
  <testcase classname="prep.java_dia_c" name="intr1_4" time="0.010"/>
</testsuite> <!-- prep.java_dia_c -->
