<?xml version="1.0" encoding="UTF-8"?>
<!-- Generated by org.testng.reporters.JUnitReportReporter -->
<testsuite hostname="DESKTOP-3L2FMR8" failures="0" tests="2" name="Com_framework.Testng_xml_test" time="0.021" errors="0" timestamp="10 Nov 2023 13:40:59 GMT">
  <testcase classname="Com_framework.Testng_xml_test" name="t1" time="0.011"/>
  <testcase classname="Com_framework.Testng_xml_test" name="t11" time="0.010"/>
</testsuite> <!-- Com_framework.Testng_xml_test -->
