<?xml version="1.0" encoding="UTF-8"?>
<!-- Generated by org.testng.reporters.JUnitReportReporter -->
<testsuite hostname="DESKTOP-3L2FMR8" failures="0" tests="1" name="Com_framework.If_Test" time="0.022" errors="0" timestamp="20 Mar 2023 06:41:22 GMT">
  <testcase classname="Com_framework.If_Test" name="impo" time="0.022"/>
</testsuite> <!-- Com_framework.If_Test -->
