<?xml version="1.0" encoding="UTF-8"?>
<!-- Generated by org.testng.reporters.JUnitReportReporter -->
<testsuite hostname="DESKTOP-3L2FMR8" failures="0" tests="1" name="prep.prep_transpose_matrix" time="0.010" errors="0" timestamp="10 Aug 2024 06:27:19 GMT">
  <testcase classname="prep.prep_transpose_matrix" name="transpose" time="0.010"/>
</testsuite> <!-- prep.prep_transpose_matrix -->
