<?xml version="1.0" encoding="UTF-8"?>
<!-- Generated by org.testng.reporters.JUnitReportReporter -->
<testsuite hostname="DESKTOP-3L2FMR8" failures="0" tests="1" name="Com_framework.Extent_Test2" time="0.089" errors="0" timestamp="8 Feb 2024 11:49:22 GMT">
  <testcase classname="Com_framework.Extent_Test2" name="pass3" time="0.089"/>
</testsuite> <!-- Com_framework.Extent_Test2 -->
