<?xml version="1.0" encoding="UTF-8"?>
<!-- Generated by org.testng.reporters.JUnitReportReporter -->
<testsuite hostname="DESKTOP-3L2FMR8" failures="0" tests="1" name="prep.test" time="0.011" errors="0" timestamp="7 Aug 2024 18:00:40 GMT">
  <testcase classname="prep.test" name="a" time="0.011"/>
</testsuite> <!-- prep.test -->
