<?xml version="1.0" encoding="UTF-8"?>
<!-- Generated by org.testng.reporters.JUnitReportReporter -->
<testsuite hostname="DESKTOP-3L2FMR8" failures="0" tests="1" name="Com_framework.Kill_process" time="0.033" errors="0" timestamp="6 Nov 2023 08:47:17 GMT">
  <testcase classname="Com_framework.Kill_process" name="after" time="0.033"/>
</testsuite> <!-- Com_framework.Kill_process -->
