<?xml version="1.0" encoding="UTF-8"?>
<!-- Generated by org.testng.reporters.JUnitReportReporter -->
<testsuite hostname="DESKTOP-3L2FMR8" failures="0" tests="2" name="Com_framework.Testng_xml_test2" time="0.002" errors="0" timestamp="10 Nov 2023 13:40:59 GMT">
  <testcase classname="Com_framework.Testng_xml_test2" name="t22" time="0.001"/>
  <testcase classname="Com_framework.Testng_xml_test2" name="t2" time="0.001"/>
</testsuite> <!-- Com_framework.Testng_xml_test2 -->
