<?xml version="1.0" encoding="UTF-8"?>
<!-- Generated by org.testng.reporters.JUnitReportReporter -->
<testsuite hostname="DESKTOP-3L2FMR8" failures="0" tests="1" name="Com_framework.If_Test" time="0.030" errors="0" timestamp="14 Dec 2022 13:45:51 GMT">
  <testcase classname="Com_framework.If_Test" name="impo" time="0.030"/>
</testsuite> <!-- Com_framework.If_Test -->
