<?xml version="1.0" encoding="UTF-8"?>
<!-- Generated by org.testng.reporters.JUnitReportReporter -->
<testsuite hostname="DESKTOP-3L2FMR8" failures="0" tests="1" name="Com_framework.CSV_data_sending" time="0.027" errors="0" timestamp="10 Oct 2023 06:50:02 GMT">
  <testcase classname="Com_framework.CSV_data_sending" name="data" time="0.027"/>
</testsuite> <!-- Com_framework.CSV_data_sending -->
