<?xml version="1.0" encoding="UTF-8"?>
<!-- Generated by org.testng.reporters.JUnitReportReporter -->
<testsuite hostname="DESKTOP-3L2FMR8" failures="0" tests="1" name="Com_framework.Constructor_inherit_2" time="0.010" errors="0" timestamp="30 Oct 2023 11:27:43 GMT">
  <testcase classname="Com_framework.Constructor_inherit_2" name="cc1" time="0.010"/>
</testsuite> <!-- Com_framework.Constructor_inherit_2 -->
