<?xml version="1.0" encoding="UTF-8"?>
<!-- Generated by org.testng.reporters.JUnitReportReporter -->
<testsuite hostname="DESKTOP-3L2FMR8" failures="0" tests="1" name="Com_framework.No_of_characters" time="0.010" errors="0" timestamp="23 Nov 2023 09:13:31 GMT">
  <testcase classname="Com_framework.No_of_characters" name="hs" time="0.010"/>
</testsuite> <!-- Com_framework.No_of_characters -->
