<?xml version="1.0" encoding="UTF-8"?>
<!-- Generated by org.testng.reporters.JUnitReportReporter -->
<testsuite hostname="DESKTOP-3L2FMR8" failures="0" tests="1" name="Com_framework.TCS_Testing" time="21.232" errors="0" timestamp="9 Dec 2022 11:38:48 GMT">
  <testcase classname="Com_framework.TCS_Testing" name="starting" time="21.232"/>
</testsuite> <!-- Com_framework.TCS_Testing -->
