<?xml version="1.0" encoding="UTF-8"?>
<!-- Generated by org.testng.reporters.JUnitReportReporter -->
<testsuite hostname="DESKTOP-3L2FMR8" failures="0" tests="7" name="Com_framework.Testng_Priority_Test" time="0.054" errors="0" timestamp="31 Jul 2023 10:35:38 GMT">
  <testcase classname="Com_framework.Testng_Priority_Test" name="test1" time="0.008"/>
  <testcase classname="Com_framework.Testng_Priority_Test" name="test2" time="0.004"/>
  <testcase classname="Com_framework.Testng_Priority_Test" name="test7" time="0.001"/>
  <testcase classname="Com_framework.Testng_Priority_Test" name="test5" time="0.005"/>
  <testcase classname="Com_framework.Testng_Priority_Test" name="test3" time="0.015"/>
  <testcase classname="Com_framework.Testng_Priority_Test" name="test6" time="0.001"/>
  <testcase classname="Com_framework.Testng_Priority_Test" name="test8" time="0.020"/>
</testsuite> <!-- Com_framework.Testng_Priority_Test -->
