<?xml version="1.0" encoding="UTF-8"?>
<!-- Generated by org.testng.reporters.JUnitReportReporter -->
<testsuite hostname="DESKTOP-3L2FMR8" failures="0" tests="1" name="Com_framework.No_of_characters" time="0.018" errors="0" timestamp="20 Feb 2023 13:12:11 GMT">
  <testcase classname="Com_framework.No_of_characters" name="hs" time="0.018"/>
</testsuite> <!-- Com_framework.No_of_characters -->
