<?xml version="1.0" encoding="UTF-8"?>
<!-- Generated by org.testng.reporters.JUnitReportReporter -->
<testsuite hostname="DESKTOP-3L2FMR8" failures="0" tests="1" name="Com_framework.sample_keyworddriven" time="24.105" errors="0" timestamp="19 Sep 2023 07:44:24 GMT">
  <testcase classname="Com_framework.sample_keyworddriven" name="pgm" time="24.105"/>
</testsuite> <!-- Com_framework.sample_keyworddriven -->
