<?xml version="1.0" encoding="UTF-8"?>
<!-- Generated by org.testng.reporters.JUnitReportReporter -->
<testsuite hostname="DESKTOP-3L2FMR8" failures="0" tests="1" name="Com_framework.New_tab_Test" time="13.210" errors="0" timestamp="11 Aug 2023 12:51:39 GMT">
  <testcase classname="Com_framework.New_tab_Test" name="tab" time="13.210"/>
</testsuite> <!-- Com_framework.New_tab_Test -->
