<?xml version="1.0" encoding="UTF-8"?>
<!-- Generated by org.testng.reporters.JUnitReportReporter -->
<testsuite hostname="DESKTOP-3L2FMR8" failures="0" tests="1" name="Com_framework.Reading_Json" time="4.741" errors="0" timestamp="22 Nov 2023 09:13:39 GMT">
  <testcase classname="Com_framework.Reading_Json" name="google" time="4.741"/>
</testsuite> <!-- Com_framework.Reading_Json -->
