<?xml version="1.0" encoding="UTF-8"?>
<!-- Generated by org.testng.reporters.JUnitReportReporter -->
<testsuite hostname="DESKTOP-3L2FMR8" failures="0" tests="1" name="Com_framework.TestNg_Data_Provider" time="0.033" errors="0" timestamp="23 Dec 2022 07:06:38 GMT">
  <testcase classname="Com_framework.TestNg_Data_Provider" name="datap" time="0.033"/>
</testsuite> <!-- Com_framework.TestNg_Data_Provider -->
