<?xml version="1.0" encoding="UTF-8"?>
<!-- Generated by org.testng.reporters.JUnitReportReporter -->
<testsuite hostname="DESKTOP-3L2FMR8" failures="0" tests="1" name="Com_framework.extent_listerners" time="0.183" errors="0" timestamp="16 Oct 2023 11:18:11 GMT">
  <testcase classname="Com_framework.extent_listerners" name="lisext" time="0.183"/>
</testsuite> <!-- Com_framework.extent_listerners -->
