<?xml version="1.0" encoding="UTF-8"?>
<!-- Generated by org.testng.reporters.JUnitReportReporter -->
<testsuite hostname="DESKTOP-3L2FMR8" failures="0" tests="1" name="Com_framework.TestNG_Test" time="0.016" errors="0" timestamp="4 Oct 2023 13:49:02 GMT">
  <testcase classname="Com_framework.TestNG_Test" name="test" time="0.016"/>
</testsuite> <!-- Com_framework.TestNG_Test -->
