<?xml version="1.0" encoding="UTF-8"?>
<!-- Generated by org.testng.reporters.JUnitReportReporter -->
<testsuite hostname="DESKTOP-3L2FMR8" failures="0" tests="1" name="Com_framework.Window_Operation" time="10.633" errors="0" timestamp="20 Jan 2023 13:11:06 GMT">
  <testcase classname="Com_framework.Window_Operation" name="win" time="10.633"/>
</testsuite> <!-- Com_framework.Window_Operation -->
