<?xml version="1.0" encoding="UTF-8"?>
<!-- Generated by org.testng.reporters.JUnitReportReporter -->
<testsuite hostname="DESKTOP-3L2FMR8" failures="0" tests="1" name="Com_framework.Encode_Decode" time="0.017" errors="0" timestamp="3 Oct 2023 09:29:53 GMT">
  <testcase classname="Com_framework.Encode_Decode" name="en_de" time="0.017"/>
</testsuite> <!-- Com_framework.Encode_Decode -->
