<?xml version="1.0" encoding="UTF-8"?>
<!-- Generated by org.testng.reporters.JUnitReportReporter -->
<testsuite hostname="DESKTOP-3L2FMR8" failures="0" tests="1" name="Com_framework.Constructor_inherit_2" time="0.015" errors="0" timestamp="9 Feb 2023 10:31:11 GMT">
  <testcase classname="Com_framework.Constructor_inherit_2" name="cc1" time="0.015"/>
</testsuite> <!-- Com_framework.Constructor_inherit_2 -->
