<?xml version="1.0" encoding="UTF-8"?>
<!-- Generated by org.testng.reporters.JUnitReportReporter -->
<testsuite hostname="DESKTOP-3L2FMR8" failures="0" tests="2" name="Com_framework.Java_diamond_problem" time="0.014" errors="0" timestamp="4 Dec 2023 12:03:00 GMT">
  <testcase classname="Com_framework.Java_diamond_problem" name="a" time="0.011"/>
  <testcase classname="Com_framework.Java_diamond_problem" name="a1" time="0.003"/>
</testsuite> <!-- Com_framework.Java_diamond_problem -->
