<?xml version="1.0" encoding="UTF-8"?>
<!-- Generated by org.testng.reporters.JUnitReportReporter -->
<testsuite hostname="DESKTOP-3L2FMR8" failures="0" tests="1" name="Com_framework.Comma_op_on_string" time="0.010" errors="0" timestamp="24 Nov 2023 10:42:17 GMT">
  <testcase classname="Com_framework.Comma_op_on_string" name="test" time="0.010"/>
</testsuite> <!-- Com_framework.Comma_op_on_string -->
