<?xml version="1.0" encoding="UTF-8"?>
<!-- Generated by org.testng.reporters.JUnitReportReporter -->
<testsuite hostname="DESKTOP-3L2FMR8" failures="0" tests="2" name="Com_framework.WebDriver_session_transfer2" time="0.302" errors="0" timestamp="28 Mar 2024 12:45:49 GMT">
  <testcase classname="Com_framework.WebDriver_session_transfer2" name="close" time="0.291"/>
  <testcase classname="Com_framework.WebDriver_session_transfer2" name="title_to_be_shown_as" time="0.011"/>
</testsuite> <!-- Com_framework.WebDriver_session_transfer2 -->
