<?xml version="1.0" encoding="UTF-8"?>
<!-- Generated by org.testng.reporters.JUnitReportReporter -->
<testsuite hostname="DESKTOP-3L2FMR8" failures="0" tests="5" name="Com_framework.CSV_data_reading2" time="0.041" errors="0" timestamp="12 Oct 2023 12:13:49 GMT">
  <testcase classname="Com_framework.CSV_data_reading2" name="dataread" time="0.003"/>
  <testcase classname="Com_framework.CSV_data_reading2" name="dataread" time="0.003"/>
  <testcase classname="Com_framework.CSV_data_reading2" name="dataread" time="0.005"/>
  <testcase classname="Com_framework.CSV_data_reading2" name="dataread" time="0.027"/>
  <testcase classname="Com_framework.CSV_data_reading2" name="dataread" time="0.003"/>
</testsuite> <!-- Com_framework.CSV_data_reading2 -->
