<?xml version="1.0" encoding="UTF-8"?>
<!-- Generated by org.testng.reporters.JUnitReportReporter -->
<testsuite hostname="DESKTOP-3L2FMR8" failures="0" tests="3" name="Com_framework.FrameWork_class_Testng" time="19.581" errors="0" timestamp="12 Jan 2023 10:46:49 GMT">
  <testcase classname="Com_framework.FrameWork_class_Testng" name="frame_ng" time="19.579"/>
  <testcase classname="Com_framework.FrameWork_class_Testng" name="parallel1" time="0.001"/>
  <testcase classname="Com_framework.FrameWork_class_Testng" name="parallel2" time="0.001"/>
</testsuite> <!-- Com_framework.FrameWork_class_Testng -->
