<?xml version="1.0" encoding="UTF-8"?>
<!-- Generated by org.testng.reporters.JUnitReportReporter -->
<testsuite hostname="DESKTOP-3L2FMR8" failures="0" tests="1" name="Com_framework.Assert_Test" time="0.015" errors="0" timestamp="19 Dec 2023 12:13:05 GMT">
  <testcase classname="Com_framework.Assert_Test" name="assert_T1" time="0.015"/>
</testsuite> <!-- Com_framework.Assert_Test -->
