<?xml version="1.0" encoding="UTF-8"?>
<!-- Generated by org.testng.reporters.JUnitReportReporter -->
<testsuite hostname="DESKTOP-3L2FMR8" failures="0" tests="1" name="Com_framework.Keyboard_op" time="13.606" errors="0" timestamp="25 May 2023 12:49:08 GMT">
  <testcase classname="Com_framework.Keyboard_op" name="key" time="13.606"/>
</testsuite> <!-- Com_framework.Keyboard_op -->
