<?xml version="1.0" encoding="UTF-8"?>
<!-- Generated by org.testng.reporters.JUnitReportReporter -->
<testsuite hostname="DESKTOP-3L2FMR8" failures="0" tests="1" name="Com_framework.Screenshot_Test" time="6.100" errors="0" timestamp="11 Jan 2023 18:06:45 GMT">
  <testcase classname="Com_framework.Screenshot_Test" name="ts" time="6.100"/>
</testsuite> <!-- Com_framework.Screenshot_Test -->
