<?xml version="1.0" encoding="UTF-8"?>
<!-- Generated by org.testng.reporters.JUnitReportReporter -->
<testsuite hostname="DESKTOP-3L2FMR8" failures="0" tests="1" name="Com_framework.Data_conversion1" time="0.012" errors="0" timestamp="4 Feb 2023 19:06:41 GMT">
  <testcase classname="Com_framework.Data_conversion1" name="con1" time="0.012"/>
</testsuite> <!-- Com_framework.Data_conversion1 -->
