<?xml version="1.0" encoding="UTF-8"?>
<!-- Generated by org.testng.reporters.JUnitReportReporter -->
<testsuite hostname="DESKTOP-3L2FMR8" failures="0" tests="3" name="Com_framework.TestNg_Data_Provider2" time="8.015" errors="0" timestamp="22 Nov 2022 11:58:57 GMT">
  <testcase classname="Com_framework.TestNg_Data_Provider2" name="datap" time="2.507"/>
  <testcase classname="Com_framework.TestNg_Data_Provider2" name="datap" time="2.591"/>
  <testcase classname="Com_framework.TestNg_Data_Provider2" name="datap" time="2.917"/>
</testsuite> <!-- Com_framework.TestNg_Data_Provider2 -->
