<?xml version="1.0" encoding="UTF-8"?>
<!-- Generated by org.testng.reporters.JUnitReportReporter -->
<testsuite hostname="DESKTOP-3L2FMR8" failures="0" tests="1" name="Com_framework.Testng_Groups" time="0.014" errors="0" timestamp="12 Jan 2023 07:23:11 GMT">
  <testcase classname="Com_framework.Testng_Groups" name="testa" time="0.014"/>
</testsuite> <!-- Com_framework.Testng_Groups -->
