<?xml version="1.0" encoding="UTF-8"?>
<!-- Generated by org.testng.reporters.JUnitReportReporter -->
<testsuite hostname="DESKTOP-3L2FMR8" failures="0" tests="5" name="Com_framework.Testng_Priority_Test" time="0.032" errors="0" timestamp="28 Feb 2023 11:53:55 GMT">
  <testcase classname="Com_framework.Testng_Priority_Test" name="test1" time="0.015"/>
  <testcase classname="Com_framework.Testng_Priority_Test" name="test3" time="0.004"/>
  <testcase classname="Com_framework.Testng_Priority_Test" name="test6" time="0.003"/>
  <testcase classname="Com_framework.Testng_Priority_Test" name="test2" time="0.005"/>
  <testcase classname="Com_framework.Testng_Priority_Test" name="test5" time="0.005"/>
</testsuite> <!-- Com_framework.Testng_Priority_Test -->
