<?xml version="1.0" encoding="UTF-8"?>
<!-- Generated by org.testng.reporters.JUnitReportReporter -->
<testsuite hostname="DESKTOP-3L2FMR8" failures="0" tests="4" name="Prep_Static_nonstatic" time="0.016" errors="0" timestamp="3 Mar 2024 06:59:45 GMT">
  <testcase classname="Prep_Static_nonstatic" name="static_non1" time="0.010"/>
  <testcase classname="Prep_Static_nonstatic" name="static_non3" time="0.003"/>
  <testcase classname="Prep_Static_nonstatic" name="static_non2" time="0.002"/>
  <testcase classname="Prep_Static_nonstatic" name="static_non4" time="0.001"/>
</testsuite> <!-- Prep_Static_nonstatic -->
