<?xml version="1.0" encoding="UTF-8"?>
<!-- Generated by org.testng.reporters.JUnitReportReporter -->
<testsuite hostname="DESKTOP-3L2FMR8" failures="0" tests="1" name="Com_framework.FrameWork_Class" time="7.434" errors="0" timestamp="4 Nov 2022 10:18:29 GMT">
  <testcase classname="Com_framework.FrameWork_Class" name="frame" time="7.434"/>
</testsuite> <!-- Com_framework.FrameWork_Class -->
